c:\users\jocelyn\desktop\skeleton\skeleton\vs_solution\comp371\comp371\debug\comp371.pch
c:\users\jocelyn\desktop\skeleton\skeleton\vs_solution\comp371\comp371\debug\vc140.pdb
c:\users\jocelyn\desktop\skeleton\skeleton\vs_solution\comp371\comp371\debug\vc140.idb
c:\users\jocelyn\desktop\skeleton\skeleton\vs_solution\comp371\comp371\debug\stdafx.obj
c:\users\jocelyn\desktop\skeleton\skeleton\vs_solution\comp371\comp371\debug\main.obj
c:\users\jocelyn\desktop\skeleton\skeleton\vs_solution\comp371\comp371\debug\objloader.obj
c:\users\jocelyn\desktop\skeleton\skeleton\vs_solution\comp371\debug\comp371.exe
c:\users\jocelyn\desktop\skeleton\skeleton\vs_solution\comp371\debug\comp371.pdb
c:\users\nathan\documents\visual studio 2015\projects\comp-371-final-project\comp371\debug\lab3.obj
c:\users\nathan\documents\visual studio 2015\projects\comp-371-final-project\comp371\debug\main.obj
c:\users\nathan\documents\visual studio 2015\projects\comp-371-final-project\comp371\debug\objloader.obj
c:\users\nathan\documents\visual studio 2015\projects\comp-371-final-project\comp371\debug\stdafx.obj
c:\users\nathan\documents\visual studio 2015\projects\comp-371-final-project\comp371\debug\comp371.pch
c:\users\nathan\documents\visual studio 2015\projects\comp-371-final-project\comp371\debug\comp371_lab3.pch
c:\users\nathan\documents\visual studio 2015\projects\comp-371-final-project\comp371\debug\vc140.idb
c:\users\nathan\documents\visual studio 2015\projects\comp-371-final-project\comp371\debug\vc140.pdb
c:\users\nathan\documents\visual studio 2015\projects\comp-371-final-project\debug\comp371.pdb
c:\users\nathan\documents\visual studio 2015\projects\comp-371-final-project\debug\comp371.exe
c:\users\nathan\documents\visual studio 2015\projects\comp-371-final-project\comp371\debug\comp371.tlog\cl.command.1.tlog
c:\users\nathan\documents\visual studio 2015\projects\comp-371-final-project\comp371\debug\comp371.tlog\cl.read.1.tlog
c:\users\nathan\documents\visual studio 2015\projects\comp-371-final-project\comp371\debug\comp371.tlog\cl.write.1.tlog
c:\users\nathan\documents\visual studio 2015\projects\comp-371-final-project\comp371\debug\comp371.tlog\link.command.1.tlog
c:\users\nathan\documents\visual studio 2015\projects\comp-371-final-project\comp371\debug\comp371.tlog\link.read.1.tlog
c:\users\nathan\documents\visual studio 2015\projects\comp-371-final-project\comp371\debug\comp371.tlog\link.write.1.tlog
